<?xml version="1.0" encoding="UTF-8"?>
<!-- Generated by org.testng.reporters.JUnitReportReporter -->
<testsuite hostname="BShazias-MBP" failures="0" tests="1" name="TestCases" time="0.004" errors="0" timestamp="2022-08-01T00:02:37 CEST" skipped="0">
  <testcase classname="TestCases" name="test1" time="0.004"/>
  <system-out/>
</testsuite> <!-- TestCases -->
